********************************************************************************
PACKAGE-LOG: 2016-08-15 00:16:01
NOTICE: Do NOT post to public sites or forums 
********************************************************************************
VERSION:	1.1.14
WORDPRESS:	4.5.3
PHP INFO:	5.5.9-1ubuntu4.17 | SAPI: apache2handler
SERVER:		Apache/2.4.7 (Ubuntu) 
PHP TIME LIMIT: (0) no time limit imposed 
PHP MAX MEMORY: 2048M (128M default) 
MEMORY STACK: 3.75MB 

********************************************************************************
DATABASE:
********************************************************************************
BUILD MODE:   PHP(query limit - 100)
MYSQLTIMEOUT: 5000
MYSQLDUMP:    Is Supported 
TABLES: total:15 | filtered:0 | create:15 
FILTERED: [] 
SQL CREATED: 20160815_wptmn_57b109b73b2563742160815001551_database.sql 
SQL FILE SIZE: 1.11MB (1163435) 
SQL FILE TIME: 2016-08-15 00:16:02 
SQL RUNTIME: 0.41 sec. 

******************************************************************************** 
ARCHIVE (ZIP): 
******************************************************************************** 
ARCHIVE DIR:  /var/www/project/wp-tmn 
ARCHIVE FILE: 20160815_wptmn_57b109b73b2563742160815001551_archive.zip 
FILTERS: *OFF* 
DIRS:  not set 
EXTS:  not set 
---------------------------------------- 
COMPRESSING 
SIZE:	58.1MB 
STATS:	Dirs 504 | Files 4,102 
SQL ADDED: 20160815_wptmn_57b109b73b2563742160815001551_database.sql 
ZipArchive Object
(
    [status] => 0
    [statusSys] => 0
    [numFiles] => 4606
    [filename] => /var/www/project/wp-tmn/wp-snapshots/tmp/20160815_wptmn_57b109b73b2563742160815001551_archive.zip
    [comment] => 
)
 
COMPRESSION RESULT: '1' 
COMPRESSED SIZE: 37.69MB 
ARCHIVE RUNTIME: 9.62 sec. 
MEMORY STACK: 5.25MB 

******************************************************************************** 
MAKE INSTALLER: 
******************************************************************************** 
Build Start 
Build Finished 
Preping for use 
Template parsed with new data 
Complete [/var/www/project/wp-tmn/wp-snapshots/tmp/20160815_wptmn_57b109b73b2563742160815001551_installer.php] 
Added to archive 

******************************************************************************** 
INTEGRITY CHECKS: 
******************************************************************************** 
SQL File: 1.11MB 
Installer File: 346.02KB 
Archive File: 37.69MB  

********************************************************************************
RECORD ID:[1]
TOTAL PROCESS RUNTIME: 13.83 sec.
PEAK PHP MEMORY USED: 7.75MB
DONE PROCESSING => 20160815_wptmn 2016-08-15 00:16:15
 
